<?xml version="1.0" encoding="UTF-8"?>
<testng-results total="1" passed="1" failed="0" skipped="0">
  <reporter-output>
  </reporter-output>
  <suite started-at="2020-10-15T14:36:19Z" name="Default suite" finished-at="2020-10-15T14:36:23Z" duration-ms="4079">
    <groups>
    </groups>
    <test started-at="2020-10-15T14:36:19Z" name="Default test" finished-at="2020-10-15T14:36:23Z" duration-ms="4079">
      <class name="testCases.OpenExcelFile">
        <test-method signature="robotTest()[pri:0, instance:testCases.OpenExcelFile@518caac3]" started-at="2020-10-15T16:36:19Z" name="robotTest" finished-at="2020-10-15T16:36:23Z" duration-ms="4056" status="PASS">
          <reporter-output>
          </reporter-output>
        </test-method> <!-- robotTest -->
      </class> <!-- testCases.OpenExcelFile -->
    </test> <!-- Default test -->
  </suite> <!-- Default suite -->
</testng-results>
